<?xml version="1.0" encoding="UTF-8"?>
<testng-results ignored="0" total="11" passed="10" failed="1" skipped="0">
  <reporter-output>
  </reporter-output>
  <suite started-at="2023-12-26T05:57:58 CET" name="Suite" finished-at="2023-12-26T05:58:56 CET" duration-ms="57246">
    <groups>
      <group name="Smoke">
        <method signature="ManageExpenseTest.ExpenseCategory()[pri:0, instance:com.obsqura.test.ManageExpenseTest@28dcca0c]" name="ExpenseCategory" class="com.obsqura.test.ManageExpenseTest"/>
      </group> <!-- Smoke -->
    </groups>
    <test started-at="2023-12-26T05:57:58 CET" name="LoginTest" finished-at="2023-12-26T05:58:19 CET" duration-ms="20636">
      <class name="com.obsqura.test.LoginTest">
        <test-method is-config="true" signature="initDriver(java.lang.String)[pri:0, instance:com.obsqura.test.LoginTest@4082ba93]" started-at="2023-12-26T05:57:58 CET" name="initDriver" finished-at="2023-12-26T05:58:15 CET" duration-ms="16740" status="PASS">
          <params>
            <param index="0">
              <value is-null="true"/>
            </param>
          </params>
          <reporter-output>
          </reporter-output>
        </test-method> <!-- initDriver -->
        <test-method signature="verifyLogin()[pri:0, instance:com.obsqura.test.LoginTest@4082ba93]" started-at="2023-12-26T05:58:15 CET" name="verifyLogin" finished-at="2023-12-26T05:58:19 CET" duration-ms="3520" status="PASS">
          <reporter-output>
          </reporter-output>
        </test-method> <!-- verifyLogin -->
        <test-method is-config="true" signature="tearDown()[pri:0, instance:com.obsqura.test.LoginTest@4082ba93]" started-at="2023-12-26T05:58:19 CET" name="tearDown" finished-at="2023-12-26T05:58:19 CET" duration-ms="315" status="PASS">
          <reporter-output>
          </reporter-output>
        </test-method> <!-- tearDown -->
      </class> <!-- com.obsqura.test.LoginTest -->
    </test> <!-- LoginTest -->
    <test started-at="2023-12-26T05:57:58 CET" name="DeliveryBoy" finished-at="2023-12-26T05:58:25 CET" duration-ms="26415">
      <class name="com.obsqura.test.CreateDeliveryBoy">
        <test-method is-config="true" signature="initDriver(java.lang.String)[pri:0, instance:com.obsqura.test.CreateDeliveryBoy@663c9e7a]" started-at="2023-12-26T05:57:58 CET" name="initDriver" finished-at="2023-12-26T05:58:16 CET" duration-ms="17658" status="PASS">
          <params>
            <param index="0">
              <value is-null="true"/>
            </param>
          </params>
          <reporter-output>
          </reporter-output>
        </test-method> <!-- initDriver -->
        <test-method signature="createDeliveryBoy()[pri:0, instance:com.obsqura.test.CreateDeliveryBoy@663c9e7a]" started-at="2023-12-26T05:58:16 CET" name="createDeliveryBoy" finished-at="2023-12-26T05:58:24 CET" duration-ms="8458" status="PASS">
          <reporter-output>
          </reporter-output>
        </test-method> <!-- createDeliveryBoy -->
        <test-method is-config="true" signature="tearDown()[pri:0, instance:com.obsqura.test.CreateDeliveryBoy@663c9e7a]" started-at="2023-12-26T05:58:24 CET" name="tearDown" finished-at="2023-12-26T05:58:25 CET" duration-ms="247" status="PASS">
          <reporter-output>
          </reporter-output>
        </test-method> <!-- tearDown -->
      </class> <!-- com.obsqura.test.CreateDeliveryBoy -->
    </test> <!-- DeliveryBoy -->
    <test started-at="2023-12-26T05:57:58 CET" name="ManageExpense" finished-at="2023-12-26T05:58:25 CET" duration-ms="26701">
      <class name="com.obsqura.test.ManageExpenseTest">
        <test-method is-config="true" signature="initDriver(java.lang.String)[pri:0, instance:com.obsqura.test.ManageExpenseTest@28dcca0c]" started-at="2023-12-26T05:57:58 CET" name="initDriver" finished-at="2023-12-26T05:58:15 CET" duration-ms="16772" status="PASS">
          <params>
            <param index="0">
              <value is-null="true"/>
            </param>
          </params>
          <reporter-output>
          </reporter-output>
        </test-method> <!-- initDriver -->
        <test-method signature="ExpenseCategory()[pri:0, instance:com.obsqura.test.ManageExpenseTest@28dcca0c]" started-at="2023-12-26T05:58:15 CET" name="ExpenseCategory" finished-at="2023-12-26T05:58:24 CET" duration-ms="9221" status="FAIL">
          <exception class="java.lang.AssertionError">
            <message>
              <![CDATA[null]]>
            </message>
            <full-stacktrace>
              <![CDATA[java.lang.AssertionError: null
at org.testng.Assert.fail(Assert.java:110)
at org.testng.Assert.fail(Assert.java:115)
at com.obsqura.test.ManageExpenseTest.ExpenseCategory(ManageExpenseTest.java:30)
at java.base/jdk.internal.reflect.NativeMethodAccessorImpl.invoke0(Native Method)
at java.base/jdk.internal.reflect.NativeMethodAccessorImpl.invoke(NativeMethodAccessorImpl.java:77)
at java.base/jdk.internal.reflect.DelegatingMethodAccessorImpl.invoke(DelegatingMethodAccessorImpl.java:43)
at java.base/java.lang.reflect.Method.invoke(Method.java:568)
at org.testng.internal.invokers.MethodInvocationHelper.invokeMethod(MethodInvocationHelper.java:139)
at org.testng.internal.invokers.TestInvoker.invokeMethod(TestInvoker.java:677)
at org.testng.internal.invokers.TestInvoker.invokeTestMethod(TestInvoker.java:221)
at org.testng.internal.invokers.MethodRunner.runInSequence(MethodRunner.java:50)
at org.testng.internal.invokers.TestInvoker$MethodInvocationAgent.invoke(TestInvoker.java:962)
at org.testng.internal.invokers.TestInvoker.invokeTestMethods(TestInvoker.java:194)
at org.testng.internal.invokers.TestMethodWorker.invokeTestMethods(TestMethodWorker.java:148)
at org.testng.internal.invokers.TestMethodWorker.run(TestMethodWorker.java:128)
at java.base/java.util.ArrayList.forEach(ArrayList.java:1511)
at org.testng.TestRunner.privateRun(TestRunner.java:806)
at org.testng.TestRunner.run(TestRunner.java:601)
at org.testng.SuiteRunner.runTest(SuiteRunner.java:433)
at org.testng.SuiteRunner$SuiteWorker.run(SuiteRunner.java:471)
at org.testng.internal.thread.ThreadUtil.lambda$execute$0(ThreadUtil.java:58)
at java.base/java.util.concurrent.FutureTask.run(FutureTask.java:264)
at java.base/java.util.concurrent.ThreadPoolExecutor.runWorker(ThreadPoolExecutor.java:1136)
at java.base/java.util.concurrent.ThreadPoolExecutor$Worker.run(ThreadPoolExecutor.java:635)
at java.base/java.lang.Thread.run(Thread.java:833)
]]>
            </full-stacktrace>
          </exception> <!-- java.lang.AssertionError -->
          <reporter-output>
          </reporter-output>
        </test-method> <!-- ExpenseCategory -->
        <test-method is-config="true" signature="tearDown()[pri:0, instance:com.obsqura.test.ManageExpenseTest@28dcca0c]" started-at="2023-12-26T05:58:25 CET" name="tearDown" finished-at="2023-12-26T05:58:25 CET" duration-ms="408" status="PASS">
          <reporter-output>
          </reporter-output>
        </test-method> <!-- tearDown -->
      </class> <!-- com.obsqura.test.ManageExpenseTest -->
    </test> <!-- ManageExpense -->
    <test started-at="2023-12-26T05:58:20 CET" name="ManageExpenseTest" finished-at="2023-12-26T05:58:36 CET" duration-ms="16297">
      <class name="com.obsqura.test.LoginTest">
        <test-method is-config="true" signature="initDriver(java.lang.String)[pri:0, instance:com.obsqura.test.LoginTest@4a8355dd]" started-at="2023-12-26T05:58:20 CET" name="initDriver" finished-at="2023-12-26T05:58:29 CET" duration-ms="9114" status="PASS">
          <params>
            <param index="0">
              <value is-null="true"/>
            </param>
          </params>
          <reporter-output>
          </reporter-output>
        </test-method> <!-- initDriver -->
        <test-method signature="verifyLogin()[pri:0, instance:com.obsqura.test.LoginTest@4a8355dd]" started-at="2023-12-26T05:58:29 CET" name="verifyLogin" finished-at="2023-12-26T05:58:36 CET" duration-ms="6971" status="PASS">
          <reporter-output>
          </reporter-output>
        </test-method> <!-- verifyLogin -->
        <test-method is-config="true" signature="tearDown()[pri:0, instance:com.obsqura.test.LoginTest@4a8355dd]" started-at="2023-12-26T05:58:36 CET" name="tearDown" finished-at="2023-12-26T05:58:36 CET" duration-ms="208" status="PASS">
          <reporter-output>
          </reporter-output>
        </test-method> <!-- tearDown -->
      </class> <!-- com.obsqura.test.LoginTest -->
    </test> <!-- ManageExpenseTest -->
    <test started-at="2023-12-26T05:58:36 CET" name="ManageNewsTest" finished-at="2023-12-26T05:58:45 CET" duration-ms="8934">
      <class name="com.obsqura.test.LoginTest">
        <test-method is-config="true" signature="initDriver(java.lang.String)[pri:0, instance:com.obsqura.test.LoginTest@71075444]" started-at="2023-12-26T05:58:36 CET" name="initDriver" finished-at="2023-12-26T05:58:42 CET" duration-ms="6512" status="PASS">
          <params>
            <param index="0">
              <value is-null="true"/>
            </param>
          </params>
          <reporter-output>
          </reporter-output>
        </test-method> <!-- initDriver -->
        <test-method signature="verifyLogin()[pri:0, instance:com.obsqura.test.LoginTest@71075444]" started-at="2023-12-26T05:58:42 CET" name="verifyLogin" finished-at="2023-12-26T05:58:45 CET" duration-ms="2161" status="PASS">
          <reporter-output>
          </reporter-output>
        </test-method> <!-- verifyLogin -->
        <test-method is-config="true" signature="tearDown()[pri:0, instance:com.obsqura.test.LoginTest@71075444]" started-at="2023-12-26T05:58:45 CET" name="tearDown" finished-at="2023-12-26T05:58:45 CET" duration-ms="261" status="PASS">
          <reporter-output>
          </reporter-output>
        </test-method> <!-- tearDown -->
      </class> <!-- com.obsqura.test.LoginTest -->
    </test> <!-- ManageNewsTest -->
    <test started-at="2023-12-26T05:58:25 CET" name="ManageLocationDeleteTest" finished-at="2023-12-26T05:58:46 CET" duration-ms="21281">
      <class name="com.obsqura.test.LoginTest">
        <test-method is-config="true" signature="initDriver(java.lang.String)[pri:0, instance:com.obsqura.test.LoginTest@536f2a7e]" started-at="2023-12-26T05:58:25 CET" name="initDriver" finished-at="2023-12-26T05:58:42 CET" duration-ms="16900" status="PASS">
          <params>
            <param index="0">
              <value is-null="true"/>
            </param>
          </params>
          <reporter-output>
          </reporter-output>
        </test-method> <!-- initDriver -->
        <test-method signature="verifyLogin()[pri:0, instance:com.obsqura.test.LoginTest@536f2a7e]" started-at="2023-12-26T05:58:42 CET" name="verifyLogin" finished-at="2023-12-26T05:58:46 CET" duration-ms="3827" status="PASS">
          <reporter-output>
          </reporter-output>
        </test-method> <!-- verifyLogin -->
        <test-method is-config="true" signature="tearDown()[pri:0, instance:com.obsqura.test.LoginTest@536f2a7e]" started-at="2023-12-26T05:58:46 CET" name="tearDown" finished-at="2023-12-26T05:58:46 CET" duration-ms="553" status="PASS">
          <reporter-output>
          </reporter-output>
        </test-method> <!-- tearDown -->
      </class> <!-- com.obsqura.test.LoginTest -->
    </test> <!-- ManageLocationDeleteTest -->
    <test started-at="2023-12-26T05:58:25 CET" name="ManageLocationTest" finished-at="2023-12-26T05:58:49 CET" duration-ms="24163">
      <class name="com.obsqura.test.LoginTest">
        <test-method is-config="true" signature="initDriver(java.lang.String)[pri:0, instance:com.obsqura.test.LoginTest@5a59ca5e]" started-at="2023-12-26T05:58:25 CET" name="initDriver" finished-at="2023-12-26T05:58:46 CET" duration-ms="21348" status="PASS">
          <params>
            <param index="0">
              <value is-null="true"/>
            </param>
          </params>
          <reporter-output>
          </reporter-output>
        </test-method> <!-- initDriver -->
        <test-method signature="verifyLogin()[pri:0, instance:com.obsqura.test.LoginTest@5a59ca5e]" started-at="2023-12-26T05:58:46 CET" name="verifyLogin" finished-at="2023-12-26T05:58:49 CET" duration-ms="2299" status="PASS">
          <reporter-output>
          </reporter-output>
        </test-method> <!-- verifyLogin -->
        <test-method is-config="true" signature="tearDown()[pri:0, instance:com.obsqura.test.LoginTest@5a59ca5e]" started-at="2023-12-26T05:58:49 CET" name="tearDown" finished-at="2023-12-26T05:58:49 CET" duration-ms="512" status="PASS">
          <reporter-output>
          </reporter-output>
        </test-method> <!-- tearDown -->
      </class> <!-- com.obsqura.test.LoginTest -->
    </test> <!-- ManageLocationTest -->
    <test started-at="2023-12-26T05:58:45 CET" name="MobileSliderTest" finished-at="2023-12-26T05:58:51 CET" duration-ms="6544">
      <class name="com.obsqura.test.LoginTest">
        <test-method is-config="true" signature="initDriver(java.lang.String)[pri:0, instance:com.obsqura.test.LoginTest@6f53b8a]" started-at="2023-12-26T05:58:45 CET" name="initDriver" finished-at="2023-12-26T05:58:50 CET" duration-ms="4830" status="PASS">
          <params>
            <param index="0">
              <value is-null="true"/>
            </param>
          </params>
          <reporter-output>
          </reporter-output>
        </test-method> <!-- initDriver -->
        <test-method signature="verifyLogin()[pri:0, instance:com.obsqura.test.LoginTest@6f53b8a]" started-at="2023-12-26T05:58:50 CET" name="verifyLogin" finished-at="2023-12-26T05:58:51 CET" duration-ms="1479" status="PASS">
          <reporter-output>
          </reporter-output>
        </test-method> <!-- verifyLogin -->
        <test-method is-config="true" signature="tearDown()[pri:0, instance:com.obsqura.test.LoginTest@6f53b8a]" started-at="2023-12-26T05:58:51 CET" name="tearDown" finished-at="2023-12-26T05:58:51 CET" duration-ms="235" status="PASS">
          <reporter-output>
          </reporter-output>
        </test-method> <!-- tearDown -->
      </class> <!-- com.obsqura.test.LoginTest -->
    </test> <!-- MobileSliderTest -->
    <test started-at="2023-12-26T05:57:58 CET" name="DeliverBoyDP" finished-at="2023-12-26T05:58:54 CET" duration-ms="55317">
      <class name="com.obsqura.test.CreateDeliveryBoyUsingDataProviders">
        <test-method is-config="true" signature="initDriver(java.lang.String)[pri:0, instance:com.obsqura.test.CreateDeliveryBoyUsingDataProviders@3f4faf53]" started-at="2023-12-26T05:57:58 CET" name="initDriver" finished-at="2023-12-26T05:58:12 CET" duration-ms="13728" status="PASS">
          <params>
            <param index="0">
              <value is-null="true"/>
            </param>
          </params>
          <reporter-output>
          </reporter-output>
        </test-method> <!-- initDriver -->
        <test-method signature="createDeliverytBoy(java.lang.String,java.lang.String,java.lang.String)[pri:0, instance:com.obsqura.test.CreateDeliveryBoyUsingDataProviders@3f4faf53]" started-at="2023-12-26T05:58:12 CET" name="createDeliverytBoy" data-provider="GetData" finished-at="2023-12-26T05:58:23 CET" duration-ms="11046" status="PASS">
          <params>
            <param index="0">
              <value>
                <![CDATA[client26/12/2023 05:57:58]]>
              </value>
            </param>
            <param index="1">
              <value>
                <![CDATA[Jasna4243]]>
              </value>
            </param>
            <param index="2">
              <value>
                <![CDATA[3316]]>
              </value>
            </param>
          </params>
          <reporter-output>
          </reporter-output>
        </test-method> <!-- createDeliverytBoy -->
        <test-method is-config="true" signature="tearDown()[pri:0, instance:com.obsqura.test.CreateDeliveryBoyUsingDataProviders@3f4faf53]" started-at="2023-12-26T05:58:23 CET" name="tearDown" finished-at="2023-12-26T05:58:23 CET" duration-ms="294" status="PASS">
          <reporter-output>
          </reporter-output>
        </test-method> <!-- tearDown -->
        <test-method is-config="true" signature="initDriver(java.lang.String)[pri:0, instance:com.obsqura.test.CreateDeliveryBoyUsingDataProviders@3f4faf53]" started-at="2023-12-26T05:58:23 CET" name="initDriver" finished-at="2023-12-26T05:58:40 CET" duration-ms="16592" status="PASS">
          <params>
            <param index="0">
              <value is-null="true"/>
            </param>
          </params>
          <reporter-output>
          </reporter-output>
        </test-method> <!-- initDriver -->
        <test-method signature="createDeliverytBoy(java.lang.String,java.lang.String,java.lang.String)[pri:0, instance:com.obsqura.test.CreateDeliveryBoyUsingDataProviders@3f4faf53]" started-at="2023-12-26T05:58:40 CET" name="createDeliverytBoy" data-provider="GetData" finished-at="2023-12-26T05:58:53 CET" duration-ms="13321" status="PASS">
          <params>
            <param index="0">
              <value>
                <![CDATA[client26/12/2023 05:57:58]]>
              </value>
            </param>
            <param index="1">
              <value>
                <![CDATA[Jasna6907]]>
              </value>
            </param>
            <param index="2">
              <value>
                <![CDATA[2126]]>
              </value>
            </param>
          </params>
          <reporter-output>
          </reporter-output>
        </test-method> <!-- createDeliverytBoy -->
        <test-method is-config="true" signature="tearDown()[pri:0, instance:com.obsqura.test.CreateDeliveryBoyUsingDataProviders@3f4faf53]" started-at="2023-12-26T05:58:53 CET" name="tearDown" finished-at="2023-12-26T05:58:54 CET" duration-ms="285" status="PASS">
          <reporter-output>
          </reporter-output>
        </test-method> <!-- tearDown -->
      </class> <!-- com.obsqura.test.CreateDeliveryBoyUsingDataProviders -->
    </test> <!-- DeliverBoyDP -->
    <test started-at="2023-12-26T05:58:46 CET" name="SearchOrderIdTest" finished-at="2023-12-26T05:58:56 CET" duration-ms="9450">
      <class name="com.obsqura.test.LoginTest">
        <test-method is-config="true" signature="initDriver(java.lang.String)[pri:0, instance:com.obsqura.test.LoginTest@4007f65e]" started-at="2023-12-26T05:58:46 CET" name="initDriver" finished-at="2023-12-26T05:58:52 CET" duration-ms="6118" status="PASS">
          <params>
            <param index="0">
              <value is-null="true"/>
            </param>
          </params>
          <reporter-output>
          </reporter-output>
        </test-method> <!-- initDriver -->
        <test-method signature="verifyLogin()[pri:0, instance:com.obsqura.test.LoginTest@4007f65e]" started-at="2023-12-26T05:58:52 CET" name="verifyLogin" finished-at="2023-12-26T05:58:55 CET" duration-ms="2933" status="PASS">
          <reporter-output>
          </reporter-output>
        </test-method> <!-- verifyLogin -->
        <test-method is-config="true" signature="tearDown()[pri:0, instance:com.obsqura.test.LoginTest@4007f65e]" started-at="2023-12-26T05:58:55 CET" name="tearDown" finished-at="2023-12-26T05:58:56 CET" duration-ms="393" status="PASS">
          <reporter-output>
          </reporter-output>
        </test-method> <!-- tearDown -->
      </class> <!-- com.obsqura.test.LoginTest -->
    </test> <!-- SearchOrderIdTest -->
  </suite> <!-- Suite -->
</testng-results>
